<?xml version="1.0" encoding="UTF-8"?>
<!-- Generated by org.testng.reporters.JUnitReportReporter -->
<testsuite hostname="SuyashSawade" failures="0" tests="1" name="OpenFirefox" time="5.646" errors="0" timestamp="2025-01-07T10:22:22 GMT" skipped="0">
  <testcase classname="OpenFirefox" name="LaunchFireFox" time="5.646"/>
</testsuite> <!-- OpenFirefox -->
